# JRE version: Java(TM) SE Runtime Environment (8.0_202-b08) (build 1.8.0_202-b08)
# Java VM: Java HotSpot(TM) Client VM (25.202-b08 mixed mode windows-x86 )
Heap:
 def new generation   total 152384K, used 123370K [0x07c00000, 0x12150000, 0x126a0000)
  eden space 135488K,  88% used [0x07c00000, 0x0f186008, 0x10050000)
  from space 16896K,  17% used [0x110d0000, 0x113c4b48, 0x12150000)
  to   space 16896K,   0% used [0x10050000, 0x10050000, 0x110d0000)
 tenured generation   total 338328K, used 219230K [0x126a0000, 0x27106000, 0x27c00000)
   the space 338328K,  64% used [0x126a0000, 0x1fcb7828, 0x1fcb7a00, 0x27106000)
 Metaspace       used 32128K, capacity 35022K, committed 35072K, reserved 35200K
GC Heap History (10 events):
Event: 13362.379 GC heap before
{Heap before GC invocations=120 (full 28):
 def new generation   total 134080K, used 126323K [0x07c00000, 0x10d70000, 0x126a0000)
  eden space 119232K, 100% used [0x07c00000, 0x0f070000, 0x0f070000)
  from space 14848K,  47% used [0x0f070000, 0x0f75cc68, 0x0fef0000)
  to   space 14848K,   0% used [0x0fef0000, 0x0fef0000, 0x10d70000)
 tenured generation   total 297600K, used 195166K [0x126a0000, 0x24940000, 0x27c00000)
   the space 297600K,  65% used [0x126a0000, 0x1e537b60, 0x1e537c00, 0x24940000)
 Metaspace       used 32016K, capacity 34918K, committed 34944K, reserved 35200K
Event: 13368.242 GC heap after
Heap after GC invocations=121 (full 28):
 def new generation   total 134080K, used 14848K [0x07c00000, 0x10d70000, 0x126a0000)
  eden space 119232K,   0% used [0x07c00000, 0x07c00000, 0x0f070000)
  from space 14848K, 100% used [0x0fef0000, 0x10d70000, 0x10d70000)
  to   space 14848K,   0% used [0x0f070000, 0x0f070000, 0x0fef0000)
 tenured generation   total 297600K, used 197441K [0x126a0000, 0x24940000, 0x27c00000)
   the space 297600K,  66% used [0x126a0000, 0x1e7705c8, 0x1e770600, 0x24940000)
 Metaspace       used 32016K, capacity 34918K, committed 34944K, reserved 35200K
}
Event: 13640.840 GC heap before
{Heap before GC invocations=121 (full 28):
 def new generation   total 134080K, used 92926K [0x07c00000, 0x10d70000, 0x126a0000)
  eden space 119232K,  65% used [0x07c00000, 0x0c83f838, 0x0f070000)
  from space 14848K, 100% used [0x0fef0000, 0x10d70000, 0x10d70000)
  to   space 14848K,   0% used [0x0f070000, 0x0f070000, 0x0fef0000)
 tenured generation   total 297600K, used 197441K [0x126a0000, 0x24940000, 0x27c00000)
   the space 297600K,  66% used [0x126a0000, 0x1e7705c8, 0x1e770600, 0x24940000)
 Metaspace       used 32062K, capacity 34958K, committed 35072K, reserved 35200K
Event: 13707.559 GC heap after
Heap after GC invocations=122 (full 29):
 def new generation   total 152384K, used 0K [0x07c00000, 0x12150000, 0x126a0000)
  eden space 135488K,   0% used [0x07c00000, 0x07c00000, 0x10050000)
  from space 16896K,   0% used [0x10050000, 0x10050000, 0x110d0000)
  to   space 16896K,   0% used [0x110d0000, 0x110d0000, 0x12150000)
 tenured generation   total 338328K, used 202995K [0x126a0000, 0x27106000, 0x27c00000)
   the space 338328K,  59% used [0x126a0000, 0x1ecdcc30, 0x1ecdce00, 0x27106000)
 Metaspace       used 32062K, capacity 34958K, committed 35072K, reserved 35200K
}
Event: 14223.879 GC heap before
{Heap before GC invocations=122 (full 29):
 def new generation   total 152384K, used 135488K [0x07c00000, 0x12150000, 0x126a0000)
  eden space 135488K, 100% used [0x07c00000, 0x10050000, 0x10050000)
  from space 16896K,   0% used [0x10050000, 0x10050000, 0x110d0000)
  to   space 16896K,   0% used [0x110d0000, 0x110d0000, 0x12150000)
 tenured generation   total 338328K, used 202995K [0x126a0000, 0x27106000, 0x27c00000)
   the space 338328K,  59% used [0x126a0000, 0x1ecdcc30, 0x1ecdce00, 0x27106000)
 Metaspace       used 32127K, capacity 35022K, committed 35072K, reserved 35200K
Event: 14224.006 GC heap after
Heap after GC invocations=123 (full 29):
 def new generation   total 152384K, used 16262K [0x07c00000, 0x12150000, 0x126a0000)
  eden space 135488K,   0% used [0x07c00000, 0x07c00000, 0x10050000)
  from space 16896K,  96% used [0x110d0000, 0x120b19e0, 0x12150000)
  to   space 16896K,   0% used [0x10050000, 0x10050000, 0x110d0000)
 tenured generation   total 338328K, used 202995K [0x126a0000, 0x27106000, 0x27c00000)
   the space 338328K,  59% used [0x126a0000, 0x1ecdcc30, 0x1ecdce00, 0x27106000)
 Metaspace       used 32127K, capacity 35022K, committed 35072K, reserved 35200K
}
Event: 14846.109 GC heap before
{Heap before GC invocations=123 (full 29):
 def new generation   total 152384K, used 151750K [0x07c00000, 0x12150000, 0x126a0000)
  eden space 135488K, 100% used [0x07c00000, 0x10050000, 0x10050000)
  from space 16896K,  96% used [0x110d0000, 0x120b19e0, 0x12150000)
  to   space 16896K,   0% used [0x10050000, 0x10050000, 0x110d0000)
 tenured generation   total 338328K, used 202995K [0x126a0000, 0x27106000, 0x27c00000)
   the space 338328K,  59% used [0x126a0000, 0x1ecdcc30, 0x1ecdce00, 0x27106000)
 Metaspace       used 32127K, capacity 35022K, committed 35072K, reserved 35200K
Event: 14846.265 GC heap after
Heap after GC invocations=124 (full 29):
 def new generation   total 152384K, used 0K [0x07c00000, 0x12150000, 0x126a0000)
  eden space 135488K,   0% used [0x07c00000, 0x07c00000, 0x10050000)
  from space 16896K,   0% used [0x10050000, 0x10050138, 0x110d0000)
  to   space 16896K,   0% used [0x110d0000, 0x110d0000, 0x12150000)
 tenured generation   total 338328K, used 219230K [0x126a0000, 0x27106000, 0x27c00000)
   the space 338328K,  64% used [0x126a0000, 0x1fcb7828, 0x1fcb7a00, 0x27106000)
 Metaspace       used 32127K, capacity 35022K, committed 35072K, reserved 35200K
}
Event: 15418.822 GC heap before
{Heap before GC invocations=124 (full 29):
 def new generation   total 152384K, used 135488K [0x07c00000, 0x12150000, 0x126a0000)
  eden space 135488K, 100% used [0x07c00000, 0x10050000, 0x10050000)
  from space 16896K,   0% used [0x10050000, 0x10050138, 0x110d0000)
  to   space 16896K,   0% used [0x110d0000, 0x110d0000, 0x12150000)
 tenured generation   total 338328K, used 219230K [0x126a0000, 0x27106000, 0x27c00000)
   the space 338328K,  64% used [0x126a0000, 0x1fcb7828, 0x1fcb7a00, 0x27106000)
 Metaspace       used 32127K, capacity 35022K, committed 35072K, reserved 35200K
Event: 15419.085 GC heap after
Heap after GC invocations=125 (full 29):
 def new generation   total 152384K, used 3026K [0x07c00000, 0x12150000, 0x126a0000)
  eden space 135488K,   0% used [0x07c00000, 0x07c00000, 0x10050000)
  from space 16896K,  17% used [0x110d0000, 0x113c4b48, 0x12150000)
  to   space 16896K,   0% used [0x10050000, 0x10050000, 0x110d0000)
 tenured generation   total 338328K, used 219230K [0x126a0000, 0x27106000, 0x27c00000)
   the space 338328K,  64% used [0x126a0000, 0x1fcb7828, 0x1fcb7a00, 0x27106000)
 Metaspace       used 32127K, capacity 35022K, committed 35072K, reserved 35200K
}

