# JRE version: Java(TM) SE Runtime Environment (8.0_202-b08) (build 1.8.0_202-b08)
# Java VM: Java HotSpot(TM) Client VM (25.202-b08 mixed mode windows-x86 )
Heap:
 def new generation   total 73152K, used 7729K [0x03e00000, 0x08d50000, 0x0e8a0000)
  eden space 65088K,   1% used [0x03e00000, 0x03f45110, 0x07d90000)
  from space 8064K,  79% used [0x08570000, 0x08bb7638, 0x08d50000)
  to   space 8064K,   0% used [0x07d90000, 0x07d90000, 0x08570000)
 tenured generation   total 162284K, used 121258K [0x0e8a0000, 0x1871b000, 0x23e00000)
   the space 162284K,  74% used [0x0e8a0000, 0x15f0abb8, 0x15f0ac00, 0x1871b000)
 Metaspace       used 30380K, capacity 33125K, committed 33152K, reserved 33152K
GC Heap History (10 events):
Event: 4688.351 GC heap before
{Heap before GC invocations=146 (full 20):
 def new generation   total 73152K, used 70940K [0x03e00000, 0x08d50000, 0x0e8a0000)
  eden space 65088K, 100% used [0x03e00000, 0x07d90000, 0x07d90000)
  from space 8064K,  72% used [0x07d90000, 0x083470a8, 0x08570000)
  to   space 8064K,   0% used [0x08570000, 0x08570000, 0x08d50000)
 tenured generation   total 162284K, used 105972K [0x0e8a0000, 0x1871b000, 0x23e00000)
   the space 162284K,  65% used [0x0e8a0000, 0x1501d1a0, 0x1501d200, 0x1871b000)
 Metaspace       used 30333K, capacity 33045K, committed 33152K, reserved 33152K
Event: 4688.402 GC heap after
Heap after GC invocations=147 (full 20):
 def new generation   total 73152K, used 3916K [0x03e00000, 0x08d50000, 0x0e8a0000)
  eden space 65088K,   0% used [0x03e00000, 0x03e00000, 0x07d90000)
  from space 8064K,  48% used [0x08570000, 0x089431c0, 0x08d50000)
  to   space 8064K,   0% used [0x07d90000, 0x07d90000, 0x08570000)
 tenured generation   total 162284K, used 108923K [0x0e8a0000, 0x1871b000, 0x23e00000)
   the space 162284K,  67% used [0x0e8a0000, 0x152feea0, 0x152ff000, 0x1871b000)
 Metaspace       used 30333K, capacity 33045K, committed 33152K, reserved 33152K
}
Event: 4702.767 GC heap before
{Heap before GC invocations=147 (full 20):
 def new generation   total 73152K, used 69004K [0x03e00000, 0x08d50000, 0x0e8a0000)
  eden space 65088K, 100% used [0x03e00000, 0x07d90000, 0x07d90000)
  from space 8064K,  48% used [0x08570000, 0x089431c0, 0x08d50000)
  to   space 8064K,   0% used [0x07d90000, 0x07d90000, 0x08570000)
 tenured generation   total 162284K, used 108923K [0x0e8a0000, 0x1871b000, 0x23e00000)
   the space 162284K,  67% used [0x0e8a0000, 0x152feea0, 0x152ff000, 0x1871b000)
 Metaspace       used 30333K, capacity 33045K, committed 33152K, reserved 33152K
Event: 4702.800 GC heap after
Heap after GC invocations=148 (full 20):
 def new generation   total 73152K, used 6917K [0x03e00000, 0x08d50000, 0x0e8a0000)
  eden space 65088K,   0% used [0x03e00000, 0x03e00000, 0x07d90000)
  from space 8064K,  85% used [0x07d90000, 0x084516d8, 0x08570000)
  to   space 8064K,   0% used [0x08570000, 0x08570000, 0x08d50000)
 tenured generation   total 162284K, used 108923K [0x0e8a0000, 0x1871b000, 0x23e00000)
   the space 162284K,  67% used [0x0e8a0000, 0x152feea0, 0x152ff000, 0x1871b000)
 Metaspace       used 30333K, capacity 33045K, committed 33152K, reserved 33152K
}
Event: 4742.593 GC heap before
{Heap before GC invocations=148 (full 20):
 def new generation   total 73152K, used 72005K [0x03e00000, 0x08d50000, 0x0e8a0000)
  eden space 65088K, 100% used [0x03e00000, 0x07d90000, 0x07d90000)
  from space 8064K,  85% used [0x07d90000, 0x084516f0, 0x08570000)
  to   space 8064K,   0% used [0x08570000, 0x08570000, 0x08d50000)
 tenured generation   total 162284K, used 108923K [0x0e8a0000, 0x1871b000, 0x23e00000)
   the space 162284K,  67% used [0x0e8a0000, 0x152feea0, 0x152ff000, 0x1871b000)
 Metaspace       used 30374K, capacity 33125K, committed 33152K, reserved 33152K
Event: 4767.608 GC heap after
Heap after GC invocations=149 (full 20):
 def new generation   total 73152K, used 8064K [0x03e00000, 0x08d50000, 0x0e8a0000)
  eden space 65088K,   0% used [0x03e00000, 0x03e00000, 0x07d90000)
  from space 8064K, 100% used [0x08570000, 0x08d50000, 0x08d50000)
  to   space 8064K,   0% used [0x07d90000, 0x07d90000, 0x08570000)
 tenured generation   total 162284K, used 113187K [0x0e8a0000, 0x1871b000, 0x23e00000)
   the space 162284K,  69% used [0x0e8a0000, 0x15728f40, 0x15729000, 0x1871b000)
 Metaspace       used 30374K, capacity 33125K, committed 33152K, reserved 33152K
}
Event: 4805.808 GC heap before
{Heap before GC invocations=149 (full 20):
 def new generation   total 73152K, used 73152K [0x03e00000, 0x08d50000, 0x0e8a0000)
  eden space 65088K, 100% used [0x03e00000, 0x07d90000, 0x07d90000)
  from space 8064K, 100% used [0x08570000, 0x08d50000, 0x08d50000)
  to   space 8064K,   0% used [0x07d90000, 0x07d90000, 0x08570000)
 tenured generation   total 162284K, used 113187K [0x0e8a0000, 0x1871b000, 0x23e00000)
   the space 162284K,  69% used [0x0e8a0000, 0x15728f40, 0x15729000, 0x1871b000)
 Metaspace       used 30380K, capacity 33125K, committed 33152K, reserved 33152K
Event: 4821.240 GC heap after
Heap after GC invocations=150 (full 20):
 def new generation   total 73152K, used 4982K [0x03e00000, 0x08d50000, 0x0e8a0000)
  eden space 65088K,   0% used [0x03e00000, 0x03e00000, 0x07d90000)
  from space 8064K,  61% used [0x07d90000, 0x0826d8c8, 0x08570000)
  to   space 8064K,   0% used [0x08570000, 0x08570000, 0x08d50000)
 tenured generation   total 162284K, used 118522K [0x0e8a0000, 0x1871b000, 0x23e00000)
   the space 162284K,  73% used [0x0e8a0000, 0x15c5e8d0, 0x15c5ea00, 0x1871b000)
 Metaspace       used 30380K, capacity 33125K, committed 33152K, reserved 33152K
}
Event: 4898.573 GC heap before
{Heap before GC invocations=150 (full 20):
 def new generation   total 73152K, used 70070K [0x03e00000, 0x08d50000, 0x0e8a0000)
  eden space 65088K, 100% used [0x03e00000, 0x07d90000, 0x07d90000)
  from space 8064K,  61% used [0x07d90000, 0x0826d8c8, 0x08570000)
  to   space 8064K,   0% used [0x08570000, 0x08570000, 0x08d50000)
 tenured generation   total 162284K, used 118522K [0x0e8a0000, 0x1871b000, 0x23e00000)
   the space 162284K,  73% used [0x0e8a0000, 0x15c5e8d0, 0x15c5ea00, 0x1871b000)
 Metaspace       used 30380K, capacity 33125K, committed 33152K, reserved 33152K
Event: 4915.794 GC heap after
Heap after GC invocations=151 (full 20):
 def new generation   total 73152K, used 6429K [0x03e00000, 0x08d50000, 0x0e8a0000)
  eden space 65088K,   0% used [0x03e00000, 0x03e00000, 0x07d90000)
  from space 8064K,  79% used [0x08570000, 0x08bb7638, 0x08d50000)
  to   space 8064K,   0% used [0x07d90000, 0x07d90000, 0x08570000)
 tenured generation   total 162284K, used 121258K [0x0e8a0000, 0x1871b000, 0x23e00000)
   the space 162284K,  74% used [0x0e8a0000, 0x15f0abb8, 0x15f0ac00, 0x1871b000)
 Metaspace       used 30380K, capacity 33125K, committed 33152K, reserved 33152K
}

