# JRE version: Java(TM) SE Runtime Environment (8.0_202-b08) (build 1.8.0_202-b08)
# Java VM: Java HotSpot(TM) Client VM (25.202-b08 mixed mode windows-x86 )
Heap:
 def new generation   total 102848K, used 1866K [0x03e00000, 0x0ad90000, 0x0e8a0000)
  eden space 91456K,   2% used [0x03e00000, 0x03fd2318, 0x09750000)
  from space 11392K,   0% used [0x0a270000, 0x0a270608, 0x0ad90000)
  to   space 11392K,   0% used [0x09750000, 0x09750000, 0x0a270000)
 tenured generation   total 228204K, used 113343K [0x0e8a0000, 0x1c77b000, 0x23e00000)
   the space 228204K,  49% used [0x0e8a0000, 0x1574fce0, 0x1574fe00, 0x1c77b000)
 Metaspace       used 30773K, capacity 33433K, committed 33536K, reserved 34176K
GC Heap History (10 events):
Event: 7158.880 GC heap before
{Heap before GC invocations=83 (full 9):
 def new generation   total 102848K, used 91456K [0x03e00000, 0x0ad90000, 0x0e8a0000)
  eden space 91456K, 100% used [0x03e00000, 0x09750000, 0x09750000)
  from space 11392K,   0% used [0x09750000, 0x09750088, 0x0a270000)
  to   space 11392K,   0% used [0x0a270000, 0x0a270000, 0x0ad90000)
 tenured generation   total 228204K, used 113343K [0x0e8a0000, 0x1c77b000, 0x23e00000)
   the space 228204K,  49% used [0x0e8a0000, 0x1574fce0, 0x1574fe00, 0x1c77b000)
 Metaspace       used 30773K, capacity 33433K, committed 33536K, reserved 34176K
Event: 7177.479 GC heap after
Heap after GC invocations=84 (full 9):
 def new generation   total 102848K, used 0K [0x03e00000, 0x0ad90000, 0x0e8a0000)
  eden space 91456K,   0% used [0x03e00000, 0x03e00000, 0x09750000)
  from space 11392K,   0% used [0x0a270000, 0x0a2700a0, 0x0ad90000)
  to   space 11392K,   0% used [0x09750000, 0x09750000, 0x0a270000)
 tenured generation   total 228204K, used 113343K [0x0e8a0000, 0x1c77b000, 0x23e00000)
   the space 228204K,  49% used [0x0e8a0000, 0x1574fce0, 0x1574fe00, 0x1c77b000)
 Metaspace       used 30773K, capacity 33433K, committed 33536K, reserved 34176K
}
Event: 7771.571 GC heap before
{Heap before GC invocations=84 (full 9):
 def new generation   total 102848K, used 91456K [0x03e00000, 0x0ad90000, 0x0e8a0000)
  eden space 91456K, 100% used [0x03e00000, 0x09750000, 0x09750000)
  from space 11392K,   0% used [0x0a270000, 0x0a2700a0, 0x0ad90000)
  to   space 11392K,   0% used [0x09750000, 0x09750000, 0x0a270000)
 tenured generation   total 228204K, used 113343K [0x0e8a0000, 0x1c77b000, 0x23e00000)
   the space 228204K,  49% used [0x0e8a0000, 0x1574fce0, 0x1574fe00, 0x1c77b000)
 Metaspace       used 30773K, capacity 33433K, committed 33536K, reserved 34176K
Event: 7793.426 GC heap after
Heap after GC invocations=85 (full 9):
 def new generation   total 102848K, used 0K [0x03e00000, 0x0ad90000, 0x0e8a0000)
  eden space 91456K,   0% used [0x03e00000, 0x03e00000, 0x09750000)
  from space 11392K,   0% used [0x09750000, 0x09750068, 0x0a270000)
  to   space 11392K,   0% used [0x0a270000, 0x0a270000, 0x0ad90000)
 tenured generation   total 228204K, used 113343K [0x0e8a0000, 0x1c77b000, 0x23e00000)
   the space 228204K,  49% used [0x0e8a0000, 0x1574fce0, 0x1574fe00, 0x1c77b000)
 Metaspace       used 30773K, capacity 33433K, committed 33536K, reserved 34176K
}
Event: 8398.226 GC heap before
{Heap before GC invocations=85 (full 9):
 def new generation   total 102848K, used 91456K [0x03e00000, 0x0ad90000, 0x0e8a0000)
  eden space 91456K, 100% used [0x03e00000, 0x09750000, 0x09750000)
  from space 11392K,   0% used [0x09750000, 0x09750068, 0x0a270000)
  to   space 11392K,   0% used [0x0a270000, 0x0a270000, 0x0ad90000)
 tenured generation   total 228204K, used 113343K [0x0e8a0000, 0x1c77b000, 0x23e00000)
   the space 228204K,  49% used [0x0e8a0000, 0x1574fce0, 0x1574fe00, 0x1c77b000)
 Metaspace       used 30773K, capacity 33433K, committed 33536K, reserved 34176K
Event: 8500.481 GC heap after
Heap after GC invocations=86 (full 9):
 def new generation   total 102848K, used 0K [0x03e00000, 0x0ad90000, 0x0e8a0000)
  eden space 91456K,   0% used [0x03e00000, 0x03e00000, 0x09750000)
  from space 11392K,   0% used [0x0a270000, 0x0a270088, 0x0ad90000)
  to   space 11392K,   0% used [0x09750000, 0x09750000, 0x0a270000)
 tenured generation   total 228204K, used 113343K [0x0e8a0000, 0x1c77b000, 0x23e00000)
   the space 228204K,  49% used [0x0e8a0000, 0x1574fce0, 0x1574fe00, 0x1c77b000)
 Metaspace       used 30773K, capacity 33433K, committed 33536K, reserved 34176K
}
Event: 9228.055 GC heap before
{Heap before GC invocations=86 (full 9):
 def new generation   total 102848K, used 91456K [0x03e00000, 0x0ad90000, 0x0e8a0000)
  eden space 91456K, 100% used [0x03e00000, 0x09750000, 0x09750000)
  from space 11392K,   0% used [0x0a270000, 0x0a270088, 0x0ad90000)
  to   space 11392K,   0% used [0x09750000, 0x09750000, 0x0a270000)
 tenured generation   total 228204K, used 113343K [0x0e8a0000, 0x1c77b000, 0x23e00000)
   the space 228204K,  49% used [0x0e8a0000, 0x1574fce0, 0x1574fe00, 0x1c77b000)
 Metaspace       used 30773K, capacity 33433K, committed 33536K, reserved 34176K
Event: 9332.096 GC heap after
Heap after GC invocations=87 (full 9):
 def new generation   total 102848K, used 0K [0x03e00000, 0x0ad90000, 0x0e8a0000)
  eden space 91456K,   0% used [0x03e00000, 0x03e00000, 0x09750000)
  from space 11392K,   0% used [0x09750000, 0x097501e8, 0x0a270000)
  to   space 11392K,   0% used [0x0a270000, 0x0a270000, 0x0ad90000)
 tenured generation   total 228204K, used 113343K [0x0e8a0000, 0x1c77b000, 0x23e00000)
   the space 228204K,  49% used [0x0e8a0000, 0x1574fce0, 0x1574fe00, 0x1c77b000)
 Metaspace       used 30773K, capacity 33433K, committed 33536K, reserved 34176K
}
Event: 9945.763 GC heap before
{Heap before GC invocations=87 (full 9):
 def new generation   total 102848K, used 91456K [0x03e00000, 0x0ad90000, 0x0e8a0000)
  eden space 91456K, 100% used [0x03e00000, 0x09750000, 0x09750000)
  from space 11392K,   0% used [0x09750000, 0x097501e8, 0x0a270000)
  to   space 11392K,   0% used [0x0a270000, 0x0a270000, 0x0ad90000)
 tenured generation   total 228204K, used 113343K [0x0e8a0000, 0x1c77b000, 0x23e00000)
   the space 228204K,  49% used [0x0e8a0000, 0x1574fce0, 0x1574fe00, 0x1c77b000)
 Metaspace       used 30773K, capacity 33433K, committed 33536K, reserved 34176K
Event: 9991.757 GC heap after
Heap after GC invocations=88 (full 9):
 def new generation   total 102848K, used 1K [0x03e00000, 0x0ad90000, 0x0e8a0000)
  eden space 91456K,   0% used [0x03e00000, 0x03e00000, 0x09750000)
  from space 11392K,   0% used [0x0a270000, 0x0a270608, 0x0ad90000)
  to   space 11392K,   0% used [0x09750000, 0x09750000, 0x0a270000)
 tenured generation   total 228204K, used 113343K [0x0e8a0000, 0x1c77b000, 0x23e00000)
   the space 228204K,  49% used [0x0e8a0000, 0x1574fce0, 0x1574fe00, 0x1c77b000)
 Metaspace       used 30773K, capacity 33433K, committed 33536K, reserved 34176K
}

